| ?- 
yes
| ?- *****Testing for even(L)*****
yes
| ?- 
yes
| ?- no
| ?- 
yes
| ?- no
| ?- 
yes
| ?- 
L = []
L = [_h101,_h103]
L = [_h101,_h103,_h105,_h107]
L = [_h101,_h103,_h105,_h107,_h109,_h111]
yes
| ?- *****Testing for palindrome(L)*****
yes
| ?- 
yes
| ?- 
yes
| ?- 
yes
| ?- 
yes
| ?- no
| ?- no
| ?- 
L = []
L = [_h101]
L = [_h101,_h101]
L = [_h101,_h107,_h101]
L = [_h101,_h107,_h107,_h101]
L = [_h101,_h107,_h111,_h107,_h101]
L = [_h101,_h107,_h111,_h111,_h107,_h101]
yes
| ?- *****Testing for selectionsort(L1,L2)*****
yes
| ?- 
yes
| ?- 
yes
| ?- no
| ?- 
yes
| ?- 
L = [1,2,3,4,5]no
| ?- 
L = [1,2,3,4,5]no
| ?- 
L = [1,2,3,4,5]no
| ?- 
L = [1,1,2,6,1000,1000,1024]
L = [1,1,2,6,1000,1000,1024]
L = [1,1,2,6,1000,1000,1024]
L = [1,1,2,6,1000,1000,1024]no
| ?- 